root@instance-85246853:/www/wwwroot/san# history
    1  init 0
    2  bt
    3  URL=https://www.aapanel.com/script/install_7.0_en.sh && if [ -f /usr/bin/curl ];then curl -ksSO "$URL" ;else wget --no-check-certificate -O install_7.0_en.sh "$URL";fi;bash install_7.0_en.sh aapanel
    4  cd /www/wwwroot/san/build
    5  cd ../
    6  ls
    7  yarn install
    8  apt install cmdtest
    9  yarn install
   10  sudo apt remove cmdtest
   11  sudo apt remove yarn
   12  curl -sS https://dl.yarnpkg.com/debian/pubkey.gpg | sudo apt-key add -
   13  echo "deb https://dl.yarnpkg.com/debian/ stable main" | sudo tee /etc/apt/sources.list.d/yarn.list
   14  sudo apt-get update
   15  sudo apt-get install yarn -y
   16  yarn install
   17  yarn
   18  yarn --version
   19  yarn build
   20  npm i
   21  apt install npm
   22  yarn build
   23  node -v
   24  node server.ts 
   25  node server.jk
   26  node server.js
   27  cls
   28  clear
   29  nvm list
   30  apt install
   31  nvm list
   32  node -v
   33  nvm use 18.20.1
   34  nvm install
   35  yarn build
   36  cd /www/wwwroot/san/build
   37  ls
   38  yarn build
   39  cd ../
   40  ls
   41  yarn serse
   42  clear
   43  yarn build
   44  rm -rf node_modules
   45  yarn cache clean
   46  yarn
   47  yarn build
   48  cd /www/wwwroot/san/build
   49  node server.js 
   50  node -v
   51  cd /www/wwwroot/san
   52  node -v
   53  cd /www/wwwroot/san
   54  node -v
   55  cd /www/wwwroot/san
   56  yarn build
   57  npm install.
   58  nvm ls
   59  yarn info
   60  yarn upgrade
   61  yarn add yarn 
   62  sudo apt install curl
   63  curl https://raw.githubusercontent.com/creationix/nvm/master/install.sh | bash
   64  source ~/.bashrc
   65  nvm install node
   66  nvm install 18.16.0
   67  node -v
   68  yarn --version
   69  yarn build
   70  yarn
   71  yarn build
   72  npm i
   73  yarn build
   74  cd /www/wwwroot/san
   75  cd /www/wwwroot/san
   76  htop
   77  npm start
   78  yarn start
   79  bt
   80  history